<?xml version="1.0" encoding="UTF-8"?>
<testng-results ignored="0" total="1" passed="1" failed="0" skipped="0">
  <reporter-output>
  </reporter-output>
  <suite started-at="2024-07-27T00:02:40 EST" name="Default suite" finished-at="2024-07-27T00:02:44 EST" duration-ms="4197">
    <groups>
    </groups>
    <test started-at="2024-07-27T00:02:40 EST" name="Default test" finished-at="2024-07-27T00:02:44 EST" duration-ms="4197">
      <class name="com.nopCommerce.TestCases.AddToCartTest">
        <test-method is-config="true" signature="checkoutSetup()[pri:0, instance:com.nopCommerce.TestCases.AddToCartTest@6302bbb1]" started-at="2024-07-27T00:02:40 EST" name="checkoutSetup" finished-at="2024-07-27T00:02:43 EST" duration-ms="2735" status="PASS">
          <reporter-output>
          </reporter-output>
        </test-method> <!-- checkoutSetup -->
        <test-method signature="verifyProductAddedToShoppingCart()[pri:1, instance:com.nopCommerce.TestCases.AddToCartTest@6302bbb1]" started-at="2024-07-27T00:02:43 EST" name="verifyProductAddedToShoppingCart" finished-at="2024-07-27T00:02:44 EST" duration-ms="1270" status="PASS">
          <reporter-output>
          </reporter-output>
        </test-method> <!-- verifyProductAddedToShoppingCart -->
        <test-method is-config="true" signature="tearDown()[pri:0, instance:com.nopCommerce.TestCases.AddToCartTest@6302bbb1]" started-at="2024-07-27T00:02:44 EST" name="tearDown" finished-at="2024-07-27T00:02:44 EST" duration-ms="152" status="PASS">
          <reporter-output>
          </reporter-output>
        </test-method> <!-- tearDown -->
      </class> <!-- com.nopCommerce.TestCases.AddToCartTest -->
    </test> <!-- Default test -->
  </suite> <!-- Default suite -->
</testng-results>
